<?xml version="1.0" encoding="UTF-8"?>
<testng-results ignored="0" total="1" passed="1" failed="0" skipped="0">
  <reporter-output>
  </reporter-output>
  <suite started-at="2024-06-09T22:39:45 BST" name="Suite" finished-at="2024-06-09T22:40:11 BST" duration-ms="26036">
    <groups>
    </groups>
    <test started-at="2024-06-09T22:39:45 BST" name="Test" finished-at="2024-06-09T22:40:11 BST" duration-ms="26036">
      <class name="testcases.TC_MyAccountLogout_08">
        <test-method is-config="true" signature="setup(java.lang.String,java.lang.String)[pri:0, instance:testcases.TC_MyAccountLogout_08@5ab956d7]" started-at="2024-06-09T22:39:45 BST" name="setup" finished-at="2024-06-09T22:40:02 BST" duration-ms="16569" status="PASS">
          <params>
            <param index="0">
              <value>
                <![CDATA[chrome]]>
              </value>
            </param>
            <param index="1">
              <value>
                <![CDATA[Windows]]>
              </value>
            </param>
          </params>
          <reporter-output>
          </reporter-output>
        </test-method> <!-- setup -->
        <test-method signature="verify_account_logout()[pri:0, instance:testcases.TC_MyAccountLogout_08@5ab956d7]" started-at="2024-06-09T22:40:02 BST" name="verify_account_logout" finished-at="2024-06-09T22:40:11 BST" duration-ms="8820" status="PASS">
          <reporter-output>
          </reporter-output>
        </test-method> <!-- verify_account_logout -->
        <test-method is-config="true" signature="tearDown()[pri:0, instance:testcases.TC_MyAccountLogout_08@5ab956d7]" started-at="2024-06-09T22:40:11 BST" name="tearDown" finished-at="2024-06-09T22:40:11 BST" duration-ms="1" status="PASS">
          <reporter-output>
          </reporter-output>
        </test-method> <!-- tearDown -->
      </class> <!-- testcases.TC_MyAccountLogout_08 -->
    </test> <!-- Test -->
  </suite> <!-- Suite -->
</testng-results>
